C:\USERS\TORSTEN\DOCUMENTS\VISUAL STUDIO 2012\PROJECTS\LUA 5.2.3 NET\LUA 5.2.3 NET\DEBUG\LINIT.OBJ
C:\USERS\TORSTEN\DOCUMENTS\VISUAL STUDIO 2012\PROJECTS\LUA 5.2.3 NET\LUA 5.2.3 NET\DEBUG\LIOLIB.OBJ
C:\USERS\TORSTEN\DOCUMENTS\VISUAL STUDIO 2012\PROJECTS\LUA 5.2.3 NET\LUA 5.2.3 NET\DEBUG\LLEX.OBJ
C:\USERS\TORSTEN\DOCUMENTS\VISUAL STUDIO 2012\PROJECTS\LUA 5.2.3 NET\LUA 5.2.3 NET\DEBUG\LMATHLIB.OBJ
C:\USERS\TORSTEN\DOCUMENTS\VISUAL STUDIO 2012\PROJECTS\LUA 5.2.3 NET\LUA 5.2.3 NET\DEBUG\LMEM.OBJ
C:\USERS\TORSTEN\DOCUMENTS\VISUAL STUDIO 2012\PROJECTS\LUA 5.2.3 NET\LUA 5.2.3 NET\DEBUG\LOADLIB.OBJ
C:\USERS\TORSTEN\DOCUMENTS\VISUAL STUDIO 2012\PROJECTS\LUA 5.2.3 NET\LUA 5.2.3 NET\DEBUG\LOBJECT.OBJ
C:\USERS\TORSTEN\DOCUMENTS\VISUAL STUDIO 2012\PROJECTS\LUA 5.2.3 NET\LUA 5.2.3 NET\DEBUG\LOPCODES.OBJ
C:\USERS\TORSTEN\DOCUMENTS\VISUAL STUDIO 2012\PROJECTS\LUA 5.2.3 NET\LUA 5.2.3 NET\DEBUG\LOSLIB.OBJ
C:\USERS\TORSTEN\DOCUMENTS\VISUAL STUDIO 2012\PROJECTS\LUA 5.2.3 NET\LUA 5.2.3 NET\DEBUG\LPARSER.OBJ
C:\USERS\TORSTEN\DOCUMENTS\VISUAL STUDIO 2012\PROJECTS\LUA 5.2.3 NET\LUA 5.2.3 NET\DEBUG\LSTATE.OBJ
C:\USERS\TORSTEN\DOCUMENTS\VISUAL STUDIO 2012\PROJECTS\LUA 5.2.3 NET\LUA 5.2.3 NET\DEBUG\LSTRING.OBJ
C:\USERS\TORSTEN\DOCUMENTS\VISUAL STUDIO 2012\PROJECTS\LUA 5.2.3 NET\LUA 5.2.3 NET\DEBUG\LSTRLIB.OBJ
C:\USERS\TORSTEN\DOCUMENTS\VISUAL STUDIO 2012\PROJECTS\LUA 5.2.3 NET\LUA 5.2.3 NET\DEBUG\LTABLE.OBJ
C:\USERS\TORSTEN\DOCUMENTS\VISUAL STUDIO 2012\PROJECTS\LUA 5.2.3 NET\LUA 5.2.3 NET\DEBUG\LTABLIB.OBJ
C:\USERS\TORSTEN\DOCUMENTS\VISUAL STUDIO 2012\PROJECTS\LUA 5.2.3 NET\LUA 5.2.3 NET\DEBUG\LTM.OBJ
C:\USERS\TORSTEN\DOCUMENTS\VISUAL STUDIO 2012\PROJECTS\LUA 5.2.3 NET\LUA 5.2.3 NET\DEBUG\LUA.OBJ
C:\USERS\TORSTEN\DOCUMENTS\VISUAL STUDIO 2012\PROJECTS\LUA 5.2.3 NET\LUA 5.2.3 NET\DEBUG\LUNDUMP.OBJ
C:\USERS\TORSTEN\DOCUMENTS\VISUAL STUDIO 2012\PROJECTS\LUA 5.2.3 NET\LUA 5.2.3 NET\DEBUG\LVM.OBJ
C:\USERS\TORSTEN\DOCUMENTS\VISUAL STUDIO 2012\PROJECTS\LUA 5.2.3 NET\LUA 5.2.3 NET\DEBUG\LZIO.OBJ
C:\USERS\TORSTEN\DOCUMENTS\VISUAL STUDIO 2012\PROJECTS\LUA 5.2.3 NET\LUA 5.2.3 NET\DEBUG\LAPI.OBJ
C:\USERS\TORSTEN\DOCUMENTS\VISUAL STUDIO 2012\PROJECTS\LUA 5.2.3 NET\LUA 5.2.3 NET\DEBUG\LAUXLIB.OBJ
C:\USERS\TORSTEN\DOCUMENTS\VISUAL STUDIO 2012\PROJECTS\LUA 5.2.3 NET\LUA 5.2.3 NET\DEBUG\LBASELIB.OBJ
C:\USERS\TORSTEN\DOCUMENTS\VISUAL STUDIO 2012\PROJECTS\LUA 5.2.3 NET\LUA 5.2.3 NET\DEBUG\LBITLIB.OBJ
C:\USERS\TORSTEN\DOCUMENTS\VISUAL STUDIO 2012\PROJECTS\LUA 5.2.3 NET\LUA 5.2.3 NET\DEBUG\LCODE.OBJ
C:\USERS\TORSTEN\DOCUMENTS\VISUAL STUDIO 2012\PROJECTS\LUA 5.2.3 NET\LUA 5.2.3 NET\DEBUG\LCOROLIB.OBJ
C:\USERS\TORSTEN\DOCUMENTS\VISUAL STUDIO 2012\PROJECTS\LUA 5.2.3 NET\LUA 5.2.3 NET\DEBUG\LCTYPE.OBJ
C:\USERS\TORSTEN\DOCUMENTS\VISUAL STUDIO 2012\PROJECTS\LUA 5.2.3 NET\LUA 5.2.3 NET\DEBUG\LDBLIB.OBJ
C:\USERS\TORSTEN\DOCUMENTS\VISUAL STUDIO 2012\PROJECTS\LUA 5.2.3 NET\LUA 5.2.3 NET\DEBUG\LDEBUG.OBJ
C:\USERS\TORSTEN\DOCUMENTS\VISUAL STUDIO 2012\PROJECTS\LUA 5.2.3 NET\LUA 5.2.3 NET\DEBUG\LDO.OBJ
C:\USERS\TORSTEN\DOCUMENTS\VISUAL STUDIO 2012\PROJECTS\LUA 5.2.3 NET\LUA 5.2.3 NET\DEBUG\LDUMP.OBJ
C:\USERS\TORSTEN\DOCUMENTS\VISUAL STUDIO 2012\PROJECTS\LUA 5.2.3 NET\LUA 5.2.3 NET\DEBUG\LFUNC.OBJ
C:\USERS\TORSTEN\DOCUMENTS\VISUAL STUDIO 2012\PROJECTS\LUA 5.2.3 NET\LUA 5.2.3 NET\DEBUG\LGC.OBJ
C:\USERS\TORSTEN\DOCUMENTS\VISUAL STUDIO 2012\PROJECTS\LUA 5.2.3 NET\LUA 5.2.3 NET\DEBUG\VC110.PDB
C:\USERS\TORSTEN\DOCUMENTS\VISUAL STUDIO 2012\PROJECTS\LUA 5.2.3 NET\DEBUG\LUA 5.2.3 NET.LIB
C:\Users\Torsten\Documents\Visual Studio 2012\Projects\Lua 5.2.3 Net\Lua 5.2.3 Net\Debug\lapi.obj
C:\Users\Torsten\Documents\Visual Studio 2012\Projects\Lua 5.2.3 Net\Lua 5.2.3 Net\Debug\lauxlib.obj
C:\Users\Torsten\Documents\Visual Studio 2012\Projects\Lua 5.2.3 Net\Lua 5.2.3 Net\Debug\lbaselib.obj
C:\Users\Torsten\Documents\Visual Studio 2012\Projects\Lua 5.2.3 Net\Lua 5.2.3 Net\Debug\lbitlib.obj
C:\Users\Torsten\Documents\Visual Studio 2012\Projects\Lua 5.2.3 Net\Lua 5.2.3 Net\Debug\lcode.obj
C:\Users\Torsten\Documents\Visual Studio 2012\Projects\Lua 5.2.3 Net\Lua 5.2.3 Net\Debug\lcorolib.obj
C:\Users\Torsten\Documents\Visual Studio 2012\Projects\Lua 5.2.3 Net\Lua 5.2.3 Net\Debug\lctype.obj
C:\Users\Torsten\Documents\Visual Studio 2012\Projects\Lua 5.2.3 Net\Lua 5.2.3 Net\Debug\ldblib.obj
C:\Users\Torsten\Documents\Visual Studio 2012\Projects\Lua 5.2.3 Net\Lua 5.2.3 Net\Debug\ldebug.obj
C:\Users\Torsten\Documents\Visual Studio 2012\Projects\Lua 5.2.3 Net\Lua 5.2.3 Net\Debug\ldo.obj
C:\Users\Torsten\Documents\Visual Studio 2012\Projects\Lua 5.2.3 Net\Lua 5.2.3 Net\Debug\ldump.obj
C:\Users\Torsten\Documents\Visual Studio 2012\Projects\Lua 5.2.3 Net\Lua 5.2.3 Net\Debug\lfunc.obj
C:\Users\Torsten\Documents\Visual Studio 2012\Projects\Lua 5.2.3 Net\Lua 5.2.3 Net\Debug\lgc.obj
C:\Users\Torsten\Documents\Visual Studio 2012\Projects\Lua 5.2.3 Net\Lua 5.2.3 Net\Debug\linit.obj
C:\Users\Torsten\Documents\Visual Studio 2012\Projects\Lua 5.2.3 Net\Lua 5.2.3 Net\Debug\liolib.obj
C:\Users\Torsten\Documents\Visual Studio 2012\Projects\Lua 5.2.3 Net\Lua 5.2.3 Net\Debug\llex.obj
C:\Users\Torsten\Documents\Visual Studio 2012\Projects\Lua 5.2.3 Net\Lua 5.2.3 Net\Debug\lmathlib.obj
C:\Users\Torsten\Documents\Visual Studio 2012\Projects\Lua 5.2.3 Net\Lua 5.2.3 Net\Debug\lmem.obj
C:\Users\Torsten\Documents\Visual Studio 2012\Projects\Lua 5.2.3 Net\Lua 5.2.3 Net\Debug\loadlib.obj
C:\Users\Torsten\Documents\Visual Studio 2012\Projects\Lua 5.2.3 Net\Lua 5.2.3 Net\Debug\lobject.obj
C:\Users\Torsten\Documents\Visual Studio 2012\Projects\Lua 5.2.3 Net\Lua 5.2.3 Net\Debug\lopcodes.obj
C:\Users\Torsten\Documents\Visual Studio 2012\Projects\Lua 5.2.3 Net\Lua 5.2.3 Net\Debug\loslib.obj
C:\Users\Torsten\Documents\Visual Studio 2012\Projects\Lua 5.2.3 Net\Lua 5.2.3 Net\Debug\lparser.obj
C:\Users\Torsten\Documents\Visual Studio 2012\Projects\Lua 5.2.3 Net\Lua 5.2.3 Net\Debug\lstate.obj
C:\Users\Torsten\Documents\Visual Studio 2012\Projects\Lua 5.2.3 Net\Lua 5.2.3 Net\Debug\lstring.obj
C:\Users\Torsten\Documents\Visual Studio 2012\Projects\Lua 5.2.3 Net\Lua 5.2.3 Net\Debug\lstrlib.obj
C:\Users\Torsten\Documents\Visual Studio 2012\Projects\Lua 5.2.3 Net\Lua 5.2.3 Net\Debug\ltable.obj
C:\Users\Torsten\Documents\Visual Studio 2012\Projects\Lua 5.2.3 Net\Lua 5.2.3 Net\Debug\ltablib.obj
C:\Users\Torsten\Documents\Visual Studio 2012\Projects\Lua 5.2.3 Net\Lua 5.2.3 Net\Debug\ltm.obj
C:\Users\Torsten\Documents\Visual Studio 2012\Projects\Lua 5.2.3 Net\Lua 5.2.3 Net\Debug\lua.obj
C:\Users\Torsten\Documents\Visual Studio 2012\Projects\Lua 5.2.3 Net\Lua 5.2.3 Net\Debug\lundump.obj
C:\Users\Torsten\Documents\Visual Studio 2012\Projects\Lua 5.2.3 Net\Lua 5.2.3 Net\Debug\lvm.obj
C:\Users\Torsten\Documents\Visual Studio 2012\Projects\Lua 5.2.3 Net\Lua 5.2.3 Net\Debug\lzio.obj
C:\Users\Torsten\Documents\Visual Studio 2012\Projects\Lua 5.2.3 Net\Lua 5.2.3 Net\Debug\cl.command.1.tlog
C:\Users\Torsten\Documents\Visual Studio 2012\Projects\Lua 5.2.3 Net\Lua 5.2.3 Net\Debug\CL.read.1.tlog
C:\Users\Torsten\Documents\Visual Studio 2012\Projects\Lua 5.2.3 Net\Lua 5.2.3 Net\Debug\CL.write.1.tlog
C:\Users\Torsten\Documents\Visual Studio 2012\Projects\Lua 5.2.3 Net\Lua 5.2.3 Net\Debug\Lib-link.read.1.tlog
C:\Users\Torsten\Documents\Visual Studio 2012\Projects\Lua 5.2.3 Net\Lua 5.2.3 Net\Debug\Lib-link.write.1.tlog
C:\Users\Torsten\Documents\Visual Studio 2012\Projects\Lua 5.2.3 Net\Lua 5.2.3 Net\Debug\lib.command.1.tlog
C:\Users\Torsten\Documents\Visual Studio 2012\Projects\Lua 5.2.3 Net\Lua 5.2.3 Net\Debug\vc110.idb
C:\Users\Torsten\Documents\Visual Studio 2012\Projects\Lua 5.2.3 Net\Lua 5.2.3 Net\Debug\vc110.pdb
C:\Users\Torsten\Documents\Visual Studio 2012\Projects\Lua 5.2.3 Net\Debug\Lua 5.2.3 Net.lib
