C:\USERS\TORSTEN\DOCUMENTS\VISUAL STUDIO 2012\PROJECTS\LUA 5.2.3 NET\CONSOLEAPPLICATION1\DEBUG\CONSOLEAPPLICATION1.PCH
C:\USERS\TORSTEN\DOCUMENTS\VISUAL STUDIO 2012\PROJECTS\LUA 5.2.3 NET\CONSOLEAPPLICATION1\DEBUG\CONSOLEAPPLICATION1.OBJ
C:\USERS\TORSTEN\DOCUMENTS\VISUAL STUDIO 2012\PROJECTS\LUA 5.2.3 NET\CONSOLEAPPLICATION1\DEBUG\STDAFX.OBJ
C:\USERS\TORSTEN\DOCUMENTS\VISUAL STUDIO 2012\PROJECTS\LUA 5.2.3 NET\CONSOLEAPPLICATION1\DEBUG\VC110.PDB
C:\USERS\TORSTEN\DOCUMENTS\VISUAL STUDIO 2012\PROJECTS\LUA 5.2.3 NET\CONSOLEAPPLICATION1\DEBUG\.NETFRAMEWORK,VERSION=V4.0.ASSEMBLYATTRIBUTES.OBJ
C:\USERS\TORSTEN\DOCUMENTS\VISUAL STUDIO 2012\PROJECTS\LUA 5.2.3 NET\DEBUG\CONSOLEAPPLICATION1.ILK
C:\USERS\TORSTEN\DOCUMENTS\VISUAL STUDIO 2012\PROJECTS\LUA 5.2.3 NET\DEBUG\CONSOLEAPPLICATION1.EXE
C:\USERS\TORSTEN\DOCUMENTS\VISUAL STUDIO 2012\PROJECTS\LUA 5.2.3 NET\DEBUG\CONSOLEAPPLICATION1.PDB
C:\Users\Torsten\Documents\Visual Studio 2012\Projects\Lua 5.2.3 Net\ConsoleApplication1\Debug\ConsoleApplication1.vcxprojResolveAssemblyReference.cache
C:\Users\Torsten\Documents\Visual Studio 2012\Projects\Lua 5.2.3 Net\ConsoleApplication1\Debug\.NETFramework,Version=v4.0.AssemblyAttributes.obj
C:\Users\Torsten\Documents\Visual Studio 2012\Projects\Lua 5.2.3 Net\ConsoleApplication1\Debug\ConsoleApplication1.obj
C:\Users\Torsten\Documents\Visual Studio 2012\Projects\Lua 5.2.3 Net\ConsoleApplication1\Debug\stdafx.obj
C:\Users\Torsten\Documents\Visual Studio 2012\Projects\Lua 5.2.3 Net\ConsoleApplication1\Debug\cl.command.1.tlog
C:\Users\Torsten\Documents\Visual Studio 2012\Projects\Lua 5.2.3 Net\ConsoleApplication1\Debug\CL.read.1.tlog
C:\Users\Torsten\Documents\Visual Studio 2012\Projects\Lua 5.2.3 Net\ConsoleApplication1\Debug\CL.write.1.tlog
C:\Users\Torsten\Documents\Visual Studio 2012\Projects\Lua 5.2.3 Net\ConsoleApplication1\Debug\link.3376-cvtres.read.1.tlog
C:\Users\Torsten\Documents\Visual Studio 2012\Projects\Lua 5.2.3 Net\ConsoleApplication1\Debug\link.3376-cvtres.write.1.tlog
C:\Users\Torsten\Documents\Visual Studio 2012\Projects\Lua 5.2.3 Net\ConsoleApplication1\Debug\link.3376-rc.read.1.tlog
C:\Users\Torsten\Documents\Visual Studio 2012\Projects\Lua 5.2.3 Net\ConsoleApplication1\Debug\link.3376-rc.write.1.tlog
C:\Users\Torsten\Documents\Visual Studio 2012\Projects\Lua 5.2.3 Net\ConsoleApplication1\Debug\link.3376.read.1.tlog
C:\Users\Torsten\Documents\Visual Studio 2012\Projects\Lua 5.2.3 Net\ConsoleApplication1\Debug\link.3376.write.1.tlog
C:\Users\Torsten\Documents\Visual Studio 2012\Projects\Lua 5.2.3 Net\ConsoleApplication1\Debug\link.6028-cvtres.read.1.tlog
C:\Users\Torsten\Documents\Visual Studio 2012\Projects\Lua 5.2.3 Net\ConsoleApplication1\Debug\link.6028-cvtres.write.1.tlog
C:\Users\Torsten\Documents\Visual Studio 2012\Projects\Lua 5.2.3 Net\ConsoleApplication1\Debug\link.6028-rc.read.1.tlog
C:\Users\Torsten\Documents\Visual Studio 2012\Projects\Lua 5.2.3 Net\ConsoleApplication1\Debug\link.6028-rc.write.1.tlog
C:\Users\Torsten\Documents\Visual Studio 2012\Projects\Lua 5.2.3 Net\ConsoleApplication1\Debug\link.6028.read.1.tlog
C:\Users\Torsten\Documents\Visual Studio 2012\Projects\Lua 5.2.3 Net\ConsoleApplication1\Debug\link.6028.write.1.tlog
C:\Users\Torsten\Documents\Visual Studio 2012\Projects\Lua 5.2.3 Net\ConsoleApplication1\Debug\link.7400-cvtres.read.1.tlog
C:\Users\Torsten\Documents\Visual Studio 2012\Projects\Lua 5.2.3 Net\ConsoleApplication1\Debug\link.7400-cvtres.write.1.tlog
C:\Users\Torsten\Documents\Visual Studio 2012\Projects\Lua 5.2.3 Net\ConsoleApplication1\Debug\link.7400-rc.read.1.tlog
C:\Users\Torsten\Documents\Visual Studio 2012\Projects\Lua 5.2.3 Net\ConsoleApplication1\Debug\link.7400-rc.write.1.tlog
C:\Users\Torsten\Documents\Visual Studio 2012\Projects\Lua 5.2.3 Net\ConsoleApplication1\Debug\link.7400.read.1.tlog
C:\Users\Torsten\Documents\Visual Studio 2012\Projects\Lua 5.2.3 Net\ConsoleApplication1\Debug\link.7400.write.1.tlog
C:\Users\Torsten\Documents\Visual Studio 2012\Projects\Lua 5.2.3 Net\ConsoleApplication1\Debug\link.8104-cvtres.read.1.tlog
C:\Users\Torsten\Documents\Visual Studio 2012\Projects\Lua 5.2.3 Net\ConsoleApplication1\Debug\link.8104-cvtres.write.1.tlog
C:\Users\Torsten\Documents\Visual Studio 2012\Projects\Lua 5.2.3 Net\ConsoleApplication1\Debug\link.8104-rc.read.1.tlog
C:\Users\Torsten\Documents\Visual Studio 2012\Projects\Lua 5.2.3 Net\ConsoleApplication1\Debug\link.8104-rc.write.1.tlog
C:\Users\Torsten\Documents\Visual Studio 2012\Projects\Lua 5.2.3 Net\ConsoleApplication1\Debug\link.8104.read.1.tlog
C:\Users\Torsten\Documents\Visual Studio 2012\Projects\Lua 5.2.3 Net\ConsoleApplication1\Debug\link.8104.write.1.tlog
C:\Users\Torsten\Documents\Visual Studio 2012\Projects\Lua 5.2.3 Net\ConsoleApplication1\Debug\link.command.1.tlog
C:\Users\Torsten\Documents\Visual Studio 2012\Projects\Lua 5.2.3 Net\ConsoleApplication1\Debug\link.read.1.tlog
C:\Users\Torsten\Documents\Visual Studio 2012\Projects\Lua 5.2.3 Net\ConsoleApplication1\Debug\link.write.1.tlog
C:\Users\Torsten\Documents\Visual Studio 2012\Projects\Lua 5.2.3 Net\ConsoleApplication1\Debug\metagen.read.1.tlog
C:\Users\Torsten\Documents\Visual Studio 2012\Projects\Lua 5.2.3 Net\ConsoleApplication1\Debug\metagen.write.1.tlog
C:\Users\Torsten\Documents\Visual Studio 2012\Projects\Lua 5.2.3 Net\ConsoleApplication1\Debug\ConsoleApplication1.pch
C:\Users\Torsten\Documents\Visual Studio 2012\Projects\Lua 5.2.3 Net\ConsoleApplication1\Debug\vc110.pdb
C:\Users\Torsten\Documents\Visual Studio 2012\Projects\Lua 5.2.3 Net\ConsoleApplication1\Debug\TZRES.DLL.bi
C:\Users\Torsten\Documents\Visual Studio 2012\Projects\Lua 5.2.3 Net\Debug\ConsoleApplication1.pdb
C:\Users\Torsten\Documents\Visual Studio 2012\Projects\Lua 5.2.3 Net\Debug\ConsoleApplication1.exe
C:\Users\Torsten\Documents\Visual Studio 2012\Projects\Lua 5.2.3 Net\Debug\ConsoleApplication1.ilk
