C:\USERS\TORSTEN\DOCUMENTS\VISUAL STUDIO 2012\PROJECTS\LUA 5.2.3 NET\CLASSLIBRARY1\DEBUG\LUA-5.2.3-NET.PCH
C:\USERS\TORSTEN\DOCUMENTS\VISUAL STUDIO 2012\PROJECTS\LUA 5.2.3 NET\CLASSLIBRARY1\DEBUG\ASSEMBLYINFO.OBJ
C:\USERS\TORSTEN\DOCUMENTS\VISUAL STUDIO 2012\PROJECTS\LUA 5.2.3 NET\CLASSLIBRARY1\DEBUG\WRAPPERLUA.OBJ
C:\USERS\TORSTEN\DOCUMENTS\VISUAL STUDIO 2012\PROJECTS\LUA 5.2.3 NET\CLASSLIBRARY1\DEBUG\STDAFX.OBJ
C:\USERS\TORSTEN\DOCUMENTS\VISUAL STUDIO 2012\PROJECTS\LUA 5.2.3 NET\CLASSLIBRARY1\DEBUG\VC110.PDB
C:\USERS\TORSTEN\DOCUMENTS\VISUAL STUDIO 2012\PROJECTS\LUA 5.2.3 NET\CLASSLIBRARY1\DEBUG\.NETFRAMEWORK,VERSION=V4.0.ASSEMBLYATTRIBUTES.OBJ
C:\USERS\TORSTEN\DOCUMENTS\VISUAL STUDIO 2012\PROJECTS\LUA 5.2.3 NET\DEBUG\LUA-5.2.3-NET.ILK
C:\USERS\TORSTEN\DOCUMENTS\VISUAL STUDIO 2012\PROJECTS\LUA 5.2.3 NET\DEBUG\LUA-5.2.3-NET.DLL
C:\USERS\TORSTEN\DOCUMENTS\VISUAL STUDIO 2012\PROJECTS\LUA 5.2.3 NET\DEBUG\LUA-5.2.3-NET.PDB
C:\USERS\TORSTEN\DOCUMENTS\VISUAL STUDIO 2012\PROJECTS\LUA 5.2.3 NET\CLASSLIBRARY1\DEBUG\APP.RES
C:\Users\Torsten\Documents\Visual Studio 2012\Projects\Lua 5.2.3 Net\ClassLibrary1\Debug\.NETFramework,Version=v4.0.AssemblyAttributes.obj
C:\Users\Torsten\Documents\Visual Studio 2012\Projects\Lua 5.2.3 Net\ClassLibrary1\Debug\AssemblyInfo.obj
C:\Users\Torsten\Documents\Visual Studio 2012\Projects\Lua 5.2.3 Net\ClassLibrary1\Debug\Stdafx.obj
C:\Users\Torsten\Documents\Visual Studio 2012\Projects\Lua 5.2.3 Net\ClassLibrary1\Debug\WrapperLua.obj
C:\Users\Torsten\Documents\Visual Studio 2012\Projects\Lua 5.2.3 Net\ClassLibrary1\Debug\cl.command.1.tlog
C:\Users\Torsten\Documents\Visual Studio 2012\Projects\Lua 5.2.3 Net\ClassLibrary1\Debug\CL.read.1.tlog
C:\Users\Torsten\Documents\Visual Studio 2012\Projects\Lua 5.2.3 Net\ClassLibrary1\Debug\CL.write.1.tlog
C:\Users\Torsten\Documents\Visual Studio 2012\Projects\Lua 5.2.3 Net\ClassLibrary1\Debug\link.9820-cvtres.read.1.tlog
C:\Users\Torsten\Documents\Visual Studio 2012\Projects\Lua 5.2.3 Net\ClassLibrary1\Debug\link.9820-cvtres.write.1.tlog
C:\Users\Torsten\Documents\Visual Studio 2012\Projects\Lua 5.2.3 Net\ClassLibrary1\Debug\link.9820-rc.read.1.tlog
C:\Users\Torsten\Documents\Visual Studio 2012\Projects\Lua 5.2.3 Net\ClassLibrary1\Debug\link.9820-rc.write.1.tlog
C:\Users\Torsten\Documents\Visual Studio 2012\Projects\Lua 5.2.3 Net\ClassLibrary1\Debug\link.9820.read.1.tlog
C:\Users\Torsten\Documents\Visual Studio 2012\Projects\Lua 5.2.3 Net\ClassLibrary1\Debug\link.9820.write.1.tlog
C:\Users\Torsten\Documents\Visual Studio 2012\Projects\Lua 5.2.3 Net\ClassLibrary1\Debug\link.command.1.tlog
C:\Users\Torsten\Documents\Visual Studio 2012\Projects\Lua 5.2.3 Net\ClassLibrary1\Debug\link.read.1.tlog
C:\Users\Torsten\Documents\Visual Studio 2012\Projects\Lua 5.2.3 Net\ClassLibrary1\Debug\link.write.1.tlog
C:\Users\Torsten\Documents\Visual Studio 2012\Projects\Lua 5.2.3 Net\ClassLibrary1\Debug\metagen.read.1.tlog
C:\Users\Torsten\Documents\Visual Studio 2012\Projects\Lua 5.2.3 Net\ClassLibrary1\Debug\metagen.write.1.tlog
C:\Users\Torsten\Documents\Visual Studio 2012\Projects\Lua 5.2.3 Net\ClassLibrary1\Debug\rc.command.1.tlog
C:\Users\Torsten\Documents\Visual Studio 2012\Projects\Lua 5.2.3 Net\ClassLibrary1\Debug\rc.read.1.tlog
C:\Users\Torsten\Documents\Visual Studio 2012\Projects\Lua 5.2.3 Net\ClassLibrary1\Debug\rc.write.1.tlog
C:\Users\Torsten\Documents\Visual Studio 2012\Projects\Lua 5.2.3 Net\ClassLibrary1\Debug\app.res
C:\Users\Torsten\Documents\Visual Studio 2012\Projects\Lua 5.2.3 Net\ClassLibrary1\Debug\lua-5.2.3-net.pch
C:\Users\Torsten\Documents\Visual Studio 2012\Projects\Lua 5.2.3 Net\ClassLibrary1\Debug\vc110.pdb
C:\Users\Torsten\Documents\Visual Studio 2012\Projects\Lua 5.2.3 Net\ClassLibrary1\Debug\TZRES.DLL.bi
C:\Users\Torsten\Documents\Visual Studio 2012\Projects\Lua 5.2.3 Net\Debug\lua-5.2.3-net.pdb
C:\Users\Torsten\Documents\Visual Studio 2012\Projects\Lua 5.2.3 Net\Debug\lua-5.2.3-net.dll
C:\Users\Torsten\Documents\Visual Studio 2012\Projects\Lua 5.2.3 Net\Debug\lua-5.2.3-net.ilk
